Build started 20/03/2014 13:12:06.
     1>Project "C:\Users\Ben\Dropbox\Train2Game\Portfolios\Project 3\Assignment 01 – 3D Graphics for Computer Games\Project Files\3DVFX\3DVFX\3DVFX.vcxproj" on node 2 (Build target(s)).
     1>ClCompile:
         C:\Program Files (x86)\Microsoft Visual Studio 12.0\VC\bin\CL.exe /c /ZI /nologo /W3 /WX- /sdl /Od /Oy- /D WIN32 /D _DEBUG /D _WINDOWS /D _UNICODE /D UNICODE /Gm /EHsc /RTC1 /MDd /GS /fp:precise /Zc:wchar_t /Zc:forScope /Fo"Debug\\" /Fd"Debug\vc120.pdb" /Gd /TP /analyze- /errorReport:prompt AABB.cpp AnimationInstance.cpp AStar.cpp AStarNode.cpp AStarNodeQueue.cpp BaseCamera.cpp Behavior.cpp BehaviorManager.cpp BillBoardRegion.cpp Camera.cpp CameraController.cpp Character.cpp CharacterClass.cpp CharacterManager.cpp CollisionMesh.cpp Cylinder.cpp DirectionalLight.cpp DirectXDevice.cpp Effect.cpp EffectManager.cpp EntityLoader.cpp Environment.cpp EnvironmentManager.cpp Error.cpp FreeCamera.cpp Frustum.cpp GameState.cpp GameStateManager.cpp Hierarchy.cpp InputManager.cpp Light.cpp LightingManager.cpp Line.cpp Main.cpp Material.cpp MeshHierarchy.cpp Model.cpp ModelManager.cpp MyFileReader.cpp MyString.cpp ParticleEmitter.cpp ParticleSystem.cpp PointLight.cpp PolygonData.cpp Program.cpp PropItem.cpp PropManager.cpp Quad.cpp RenderClass.cpp RenderManager.cpp ShadowMap.cpp ShadowMesh.cpp ShadowVolumes.cpp SkinnedMesh.cpp SoundEmitter.cpp SoundListener.cpp SoundManager.cpp SoundWaveFile.cpp Sphere.cpp SpotLight.cpp StaticCamera.cpp Stats.cpp Text.cpp TextureCache.cpp ThirdPersonCamera.cpp Timer.cpp Vertex.cpp WayPointManager.cpp
         WayPointManager.cpp
         Vertex.cpp
         Timer.cpp
         ThirdPersonCamera.cpp
         TextureCache.cpp
     1>c:\users\ben\dropbox\train2game\portfolios\project 3\assignment 01 – 3d graphics for computer games\project files\3dvfx\3dvfx\texturecache.cpp(57): error C2664: 'HRESULT D3DXCreateTextureFromFileW(LPDIRECT3DDEVICE9,LPCWSTR,LPDIRECT3DTEXTURE9 *)' : cannot convert argument 2 from 'MyString' to 'LPCWSTR'
                 No user-defined-conversion operator available that can perform this conversion, or the operator cannot be called
         Text.cpp
     1>c:\users\ben\dropbox\train2game\portfolios\project 3\assignment 01 – 3d graphics for computer games\project files\3dvfx\3dvfx\text.cpp : fatal error C1041: cannot open program database 'c:\users\ben\dropbox\train2game\portfolios\project 3\assignment 01 – 3d graphics for computer games\project files\3dvfx\3dvfx\debug\vc120.pdb'; if multiple CL.EXE write to the same .PDB file, please use /FS
         Stats.cpp
     1>c:\users\ben\dropbox\train2game\portfolios\project 3\assignment 01 – 3d graphics for computer games\project files\3dvfx\3dvfx\stats.cpp : fatal error C1041: cannot open program database 'c:\users\ben\dropbox\train2game\portfolios\project 3\assignment 01 – 3d graphics for computer games\project files\3dvfx\3dvfx\debug\vc120.idb'; if multiple CL.EXE write to the same .PDB file, please use /FS
         StaticCamera.cpp
         SpotLight.cpp
         Sphere.cpp
         SoundWaveFile.cpp
     1>c:\users\ben\dropbox\train2game\portfolios\project 3\assignment 01 – 3d graphics for computer games\project files\3dvfx\3dvfx\soundwavefile.cpp(109): error C2664: 'HMMIO mmioOpenW(LPWSTR,LPMMIOINFO,DWORD)' : cannot convert argument 1 from 'CHAR *' to 'LPWSTR'
                 Types pointed to are unrelated; conversion requires reinterpret_cast, C-style cast or function-style cast
         SoundManager.cpp
     1>c:\users\ben\dropbox\train2game\portfolios\project 3\assignment 01 – 3d graphics for computer games\project files\3dvfx\3dvfx\soundmanager.cpp : fatal error C1041: cannot open program database 'c:\users\ben\dropbox\train2game\portfolios\project 3\assignment 01 – 3d graphics for computer games\project files\3dvfx\3dvfx\debug\vc120.pdb'; if multiple CL.EXE write to the same .PDB file, please use /FS
         SoundListener.cpp
     1>c:\users\ben\dropbox\train2game\portfolios\project 3\assignment 01 – 3d graphics for computer games\project files\3dvfx\3dvfx\soundlistener.cpp : fatal error C1041: cannot open program database 'c:\users\ben\dropbox\train2game\portfolios\project 3\assignment 01 – 3d graphics for computer games\project files\3dvfx\3dvfx\debug\vc120.idb'; if multiple CL.EXE write to the same .PDB file, please use /FS
         SoundEmitter.cpp
         SkinnedMesh.cpp
     1>c:\users\ben\dropbox\train2game\portfolios\project 3\assignment 01 – 3d graphics for computer games\project files\3dvfx\3dvfx\skinnedmesh.cpp(55): error C2664: 'HRESULT D3DXLoadMeshHierarchyFromXW(LPCWSTR,DWORD,LPDIRECT3DDEVICE9,LPD3DXALLOCATEHIERARCHY,LPD3DXLOADUSERDATA,LPD3DXFRAME *,LPD3DXANIMATIONCONTROLLER *)' : cannot convert argument 1 from 'const char *' to 'LPCWSTR'
                 Types pointed to are unrelated; conversion requires reinterpret_cast, C-style cast or function-style cast
         ShadowVolumes.cpp
     1>c:\users\ben\dropbox\train2game\portfolios\project 3\assignment 01 – 3d graphics for computer games\project files\3dvfx\3dvfx\shadowvolumes.cpp : fatal error C1041: cannot open program database 'c:\users\ben\dropbox\train2game\portfolios\project 3\assignment 01 – 3d graphics for computer games\project files\3dvfx\3dvfx\debug\vc120.pdb'; if multiple CL.EXE write to the same .PDB file, please use /FS
         ShadowMesh.cpp
         ShadowMap.cpp
         RenderManager.cpp
         RenderClass.cpp
     1>c:\users\ben\dropbox\train2game\portfolios\project 3\assignment 01 – 3d graphics for computer games\project files\3dvfx\3dvfx\aabb.h(16): error C4430: missing type specifier - int assumed. Note: C++ does not support default-int
     1>c:\users\ben\dropbox\train2game\portfolios\project 3\assignment 01 – 3d graphics for computer games\project files\3dvfx\3dvfx\aabb.h(16): error C2143: syntax error : missing ',' before '&'
     1>c:\users\ben\dropbox\train2game\portfolios\project 3\assignment 01 – 3d graphics for computer games\project files\3dvfx\3dvfx\aabb.h(23): error C4430: missing type specifier - int assumed. Note: C++ does not support default-int
     1>c:\users\ben\dropbox\train2game\portfolios\project 3\assignment 01 – 3d graphics for computer games\project files\3dvfx\3dvfx\aabb.h(23): error C2143: syntax error : missing ',' before '*'
     1>c:\users\ben\dropbox\train2game\portfolios\project 3\assignment 01 – 3d graphics for computer games\project files\3dvfx\3dvfx\aabb.h(23): error C2535: 'AABB::AABB(const int)' : member function already defined or declared
                 c:\users\ben\dropbox\train2game\portfolios\project 3\assignment 01 – 3d graphics for computer games\project files\3dvfx\3dvfx\aabb.h(16) : see declaration of 'AABB::AABB'
     1>c:\users\ben\dropbox\train2game\portfolios\project 3\assignment 01 – 3d graphics for computer games\project files\3dvfx\3dvfx\aabb.h(36): error C2061: syntax error : identifier 'Mesh'
     1>c:\users\ben\dropbox\train2game\portfolios\project 3\assignment 01 – 3d graphics for computer games\project files\3dvfx\3dvfx\aabb.h(36): error C2535: 'AABB::AABB(void)' : member function already defined or declared
                 c:\users\ben\dropbox\train2game\portfolios\project 3\assignment 01 – 3d graphics for computer games\project files\3dvfx\3dvfx\aabb.h(12) : see declaration of 'AABB::AABB'
     1>c:\users\ben\dropbox\train2game\portfolios\project 3\assignment 01 – 3d graphics for computer games\project files\3dvfx\3dvfx\aabb.h(47): error C4430: missing type specifier - int assumed. Note: C++ does not support default-int
     1>c:\users\ben\dropbox\train2game\portfolios\project 3\assignment 01 – 3d graphics for computer games\project files\3dvfx\3dvfx\aabb.h(47): error C2143: syntax error : missing ',' before '&'
     1>c:\users\ben\dropbox\train2game\portfolios\project 3\assignment 01 – 3d graphics for computer games\project files\3dvfx\3dvfx\aabb.h(52): error C4430: missing type specifier - int assumed. Note: C++ does not support default-int
     1>c:\users\ben\dropbox\train2game\portfolios\project 3\assignment 01 – 3d graphics for computer games\project files\3dvfx\3dvfx\aabb.h(52): error C2143: syntax error : missing ';' before '&'
     1>c:\users\ben\dropbox\train2game\portfolios\project 3\assignment 01 – 3d graphics for computer games\project files\3dvfx\3dvfx\aabb.h(52): warning C4183: 'GetMin': missing return type; assumed to be a member function returning 'int'
     1>c:\users\ben\dropbox\train2game\portfolios\project 3\assignment 01 – 3d graphics for computer games\project files\3dvfx\3dvfx\aabb.h(57): error C4430: missing type specifier - int assumed. Note: C++ does not support default-int
     1>c:\users\ben\dropbox\train2game\portfolios\project 3\assignment 01 – 3d graphics for computer games\project files\3dvfx\3dvfx\aabb.h(57): error C2143: syntax error : missing ',' before '&'
     1>c:\users\ben\dropbox\train2game\portfolios\project 3\assignment 01 – 3d graphics for computer games\project files\3dvfx\3dvfx\aabb.h(62): error C4430: missing type specifier - int assumed. Note: C++ does not support default-int
     1>c:\users\ben\dropbox\train2game\portfolios\project 3\assignment 01 – 3d graphics for computer games\project files\3dvfx\3dvfx\aabb.h(62): error C2143: syntax error : missing ';' before '&'
     1>c:\users\ben\dropbox\train2game\portfolios\project 3\assignment 01 – 3d graphics for computer games\project files\3dvfx\3dvfx\aabb.h(62): error C2086: 'const int AABB::Vector3D' : redefinition
                 c:\users\ben\dropbox\train2game\portfolios\project 3\assignment 01 – 3d graphics for computer games\project files\3dvfx\3dvfx\aabb.h(52) : see declaration of 'AABB::Vector3D'
     1>c:\users\ben\dropbox\train2game\portfolios\project 3\assignment 01 – 3d graphics for computer games\project files\3dvfx\3dvfx\aabb.h(62): warning C4183: 'GetMax': missing return type; assumed to be a member function returning 'int'
     1>c:\users\ben\dropbox\train2game\portfolios\project 3\assignment 01 – 3d graphics for computer games\project files\3dvfx\3dvfx\aabb.h(67): error C4430: missing type specifier - int assumed. Note: C++ does not support default-int
     1>c:\users\ben\dropbox\train2game\portfolios\project 3\assignment 01 – 3d graphics for computer games\project files\3dvfx\3dvfx\aabb.h(67): error C2143: syntax error : missing ',' before '&'
     1>c:\users\ben\dropbox\train2game\portfolios\project 3\assignment 01 – 3d graphics for computer games\project files\3dvfx\3dvfx\aabb.h(86): error C4430: missing type specifier - int assumed. Note: C++ does not support default-int
     1>c:\users\ben\dropbox\train2game\portfolios\project 3\assignment 01 – 3d graphics for computer games\project files\3dvfx\3dvfx\aabb.h(86): error C2143: syntax error : missing ',' before '&'
     1>c:\users\ben\dropbox\train2game\portfolios\project 3\assignment 01 – 3d graphics for computer games\project files\3dvfx\3dvfx\aabb.h(90): error C2146: syntax error : missing ';' before identifier 'm_min'
     1>c:\users\ben\dropbox\train2game\portfolios\project 3\assignment 01 – 3d graphics for computer games\project files\3dvfx\3dvfx\aabb.h(90): error C4430: missing type specifier - int assumed. Note: C++ does not support default-int
     1>c:\users\ben\dropbox\train2game\portfolios\project 3\assignment 01 – 3d graphics for computer games\project files\3dvfx\3dvfx\aabb.h(91): error C2146: syntax error : missing ';' before identifier 'm_max'
     1>c:\users\ben\dropbox\train2game\portfolios\project 3\assignment 01 – 3d graphics for computer games\project files\3dvfx\3dvfx\aabb.h(91): error C4430: missing type specifier - int assumed. Note: C++ does not support default-int
     1>c:\users\ben\dropbox\train2game\portfolios\project 3\assignment 01 – 3d graphics for computer games\project files\3dvfx\3dvfx\vertex.h(33): error C4430: missing type specifier - int assumed. Note: C++ does not support default-int
     1>c:\users\ben\dropbox\train2game\portfolios\project 3\assignment 01 – 3d graphics for computer games\project files\3dvfx\3dvfx\vertex.h(33): error C2143: syntax error : missing ',' before '&'
     1>c:\users\ben\dropbox\train2game\portfolios\project 3\assignment 01 – 3d graphics for computer games\project files\3dvfx\3dvfx\vertex.h(35): error C2146: syntax error : missing ';' before identifier 'pos'
     1>c:\users\ben\dropbox\train2game\portfolios\project 3\assignment 01 – 3d graphics for computer games\project files\3dvfx\3dvfx\vertex.h(35): error C4430: missing type specifier - int assumed. Note: C++ does not support default-int
     1>c:\users\ben\dropbox\train2game\portfolios\project 3\assignment 01 – 3d graphics for computer games\project files\3dvfx\3dvfx\vertex.h(37): error C2143: syntax error : missing ';' before '*'
     1>c:\users\ben\dropbox\train2game\portfolios\project 3\assignment 01 – 3d graphics for computer games\project files\3dvfx\3dvfx\vertex.h(37): error C4430: missing type specifier - int assumed. Note: C++ does not support default-int
     1>c:\users\ben\dropbox\train2game\portfolios\project 3\assignment 01 – 3d graphics for computer games\project files\3dvfx\3dvfx\vertex.h(31): error C2614: 'VertexPosition' : illegal member initialization: 'pos' is not a base or member
     1>c:\users\ben\dropbox\train2game\portfolios\project 3\assignment 01 – 3d graphics for computer games\project files\3dvfx\3dvfx\vertex.h(32): error C2614: 'VertexPosition' : illegal member initialization: 'pos' is not a base or member
     1>c:\users\ben\dropbox\train2game\portfolios\project 3\assignment 01 – 3d graphics for computer games\project files\3dvfx\3dvfx\vertex.h(33): error C2065: 'v' : undeclared identifier
     1>c:\users\ben\dropbox\train2game\portfolios\project 3\assignment 01 – 3d graphics for computer games\project files\3dvfx\3dvfx\vertex.h(33): error C2614: 'VertexPosition' : illegal member initialization: 'pos' is not a base or member
     1>c:\users\ben\dropbox\train2game\portfolios\project 3\assignment 01 – 3d graphics for computer games\project files\3dvfx\3dvfx\vertex.h(49): error C2061: syntax error : identifier 'DWORD'
     1>c:\users\ben\dropbox\train2game\portfolios\project 3\assignment 01 – 3d graphics for computer games\project files\3dvfx\3dvfx\vertex.h(50): error C2061: syntax error : identifier 'Vector3D'
     1>c:\users\ben\dropbox\train2game\portfolios\project 3\assignment 01 – 3d graphics for computer games\project files\3dvfx\3dvfx\vertex.h(50): error C2535: 'VertexColour::VertexColour(void)' : member function already defined or declared
                 c:\users\ben\dropbox\train2game\portfolios\project 3\assignment 01 – 3d graphics for computer games\project files\3dvfx\3dvfx\vertex.h(48) : see declaration of 'VertexColour::VertexColour'
     1>c:\users\ben\dropbox\train2game\portfolios\project 3\assignment 01 – 3d graphics for computer games\project files\3dvfx\3dvfx\vertex.h(52): error C2146: syntax error : missing ';' before identifier 'pos'
     1>c:\users\ben\dropbox\train2game\portfolios\project 3\assignment 01 – 3d graphics for computer games\project files\3dvfx\3dvfx\vertex.h(52): error C4430: missing type specifier - int assumed. Note: C++ does not support default-int
     1>c:\users\ben\dropbox\train2game\portfolios\project 3\assignment 01 – 3d graphics for computer games\project files\3dvfx\3dvfx\vertex.h(53): error C2146: syntax error : missing ';' before identifier 'colour'
     1>c:\users\ben\dropbox\train2game\portfolios\project 3\assignment 01 – 3d graphics for computer games\project files\3dvfx\3dvfx\vertex.h(53): error C4430: missing type specifier - int assumed. Note: C++ does not support default-int
     1>c:\users\ben\dropbox\train2game\portfolios\project 3\assignment 01 – 3d graphics for computer games\project files\3dvfx\3dvfx\vertex.h(55): error C2143: syntax error : missing ';' before '*'
     1>c:\users\ben\dropbox\train2game\portfolios\project 3\assignment 01 – 3d graphics for computer games\project files\3dvfx\3dvfx\vertex.h(55): error C4430: missing type specifier - int assumed. Note: C++ does not support default-int
     1>c:\users\ben\dropbox\train2game\portfolios\project 3\assignment 01 – 3d graphics for computer games\project files\3dvfx\3dvfx\vertex.h(48): error C2614: 'VertexColour' : illegal member initialization: 'pos' is not a base or member
     1>c:\users\ben\dropbox\train2game\portfolios\project 3\assignment 01 – 3d graphics for computer games\project files\3dvfx\3dvfx\vertex.h(48): error C2614: 'VertexColour' : illegal member initialization: 'colour' is not a base or member
     1>c:\users\ben\dropbox\train2game\portfolios\project 3\assignment 01 – 3d graphics for computer games\project files\3dvfx\3dvfx\vertex.h(49): error C2065: 'col' : undeclared identifier
     1>c:\users\ben\dropbox\train2game\portfolios\project 3\assignment 01 – 3d graphics for computer games\project files\3dvfx\3dvfx\vertex.h(49): error C2614: 'VertexColour' : illegal member initialization: 'pos' is not a base or member
     1>c:\users\ben\dropbox\train2game\portfolios\project 3\assignment 01 – 3d graphics for computer games\project files\3dvfx\3dvfx\vertex.h(49): error C2614: 'VertexColour' : illegal member initialization: 'colour' is not a base or member
     1>c:\users\ben\dropbox\train2game\portfolios\project 3\assignment 01 – 3d graphics for computer games\project files\3dvfx\3dvfx\vertex.h(50): error C2065: 'position' : undeclared identifier
     1>c:\users\ben\dropbox\train2game\portfolios\project 3\assignment 01 – 3d graphics for computer games\project files\3dvfx\3dvfx\vertex.h(50): error C2065: 'col' : undeclared identifier
     1>c:\users\ben\dropbox\train2game\portfolios\project 3\assignment 01 – 3d graphics for computer games\project files\3dvfx\3dvfx\vertex.h(50): error C2614: 'VertexColour' : illegal member initialization: 'pos' is not a base or member
     1>c:\users\ben\dropbox\train2game\portfolios\project 3\assignment 01 – 3d graphics for computer games\project files\3dvfx\3dvfx\vertex.h(50): error C2614: 'VertexColour' : illegal member initialization: 'colour' is not a base or member
     1>c:\users\ben\dropbox\train2game\portfolios\project 3\assignment 01 – 3d graphics for computer games\project files\3dvfx\3dvfx\vertex.h(67): error C2061: syntax error : identifier 'Vector3D'
     1>c:\users\ben\dropbox\train2game\portfolios\project 3\assignment 01 – 3d graphics for computer games\project files\3dvfx\3dvfx\vertex.h(67): error C2535: 'VertexPositionTexCoord::VertexPositionTexCoord(void)' : member function already defined or declared
                 c:\users\ben\dropbox\train2game\portfolios\project 3\assignment 01 – 3d graphics for computer games\project files\3dvfx\3dvfx\vertex.h(65) : see declaration of 'VertexPositionTexCoord::VertexPositionTexCoord'
     1>c:\users\ben\dropbox\train2game\portfolios\project 3\assignment 01 – 3d graphics for computer games\project files\3dvfx\3dvfx\vertex.h(69): error C2146: syntax error : missing ';' before identifier 'pos'
     1>c:\users\ben\dropbox\train2game\portfolios\project 3\assignment 01 – 3d graphics for computer games\project files\3dvfx\3dvfx\vertex.h(69): error C4430: missing type specifier - int assumed. Note: C++ does not support default-int
     1>c:\users\ben\dropbox\train2game\portfolios\project 3\assignment 01 – 3d graphics for computer games\project files\3dvfx\3dvfx\vertex.h(70): error C2146: syntax error : missing ';' before identifier 'textureCoord'
     1>c:\users\ben\dropbox\train2game\portfolios\project 3\assignment 01 – 3d graphics for computer games\project files\3dvfx\3dvfx\vertex.h(70): error C4430: missing type specifier - int assumed. Note: C++ does not support default-int
     1>c:\users\ben\dropbox\train2game\portfolios\project 3\assignment 01 – 3d graphics for computer games\project files\3dvfx\3dvfx\vertex.h(72): error C2143: syntax error : missing ';' before '*'
     1>c:\users\ben\dropbox\train2game\portfolios\project 3\assignment 01 – 3d graphics for computer games\project files\3dvfx\3dvfx\vertex.h(72): error C4430: missing type specifier - int assumed. Note: C++ does not support default-int
     1>c:\users\ben\dropbox\train2game\portfolios\project 3\assignment 01 – 3d graphics for computer games\project files\3dvfx\3dvfx\vertex.h(65): error C2614: 'VertexPositionTexCoord' : illegal member initialization: 'pos' is not a base or member
     1>c:\users\ben\dropbox\train2game\portfolios\project 3\assignment 01 – 3d graphics for computer games\project files\3dvfx\3dvfx\vertex.h(65): error C2614: 'VertexPositionTexCoord' : illegal member initialization: 'textureCoord' is not a base or member
     1>c:\users\ben\dropbox\train2game\portfolios\project 3\assignment 01 – 3d graphics for computer games\project files\3dvfx\3dvfx\vertex.h(66): error C2614: 'VertexPositionTexCoord' : illegal member initialization: 'pos' is not a base or member
     1>c:\users\ben\dropbox\train2game\portfolios\project 3\assignment 01 – 3d graphics for computer games\project files\3dvfx\3dvfx\vertex.h(66): error C2614: 'VertexPositionTexCoord' : illegal member initialization: 'textureCoord' is not a base or member
     1>c:\users\ben\dropbox\train2game\portfolios\project 3\assignment 01 – 3d graphics for computer games\project files\3dvfx\3dvfx\vertex.h(67): error C2065: 'position' : undeclared identifier
     1>c:\users\ben\dropbox\train2game\portfolios\project 3\assignment 01 – 3d graphics for computer games\project files\3dvfx\3dvfx\vertex.h(67): error C2065: 'UV' : undeclared identifier
     1>c:\users\ben\dropbox\train2game\portfolios\project 3\assignment 01 – 3d graphics for computer games\project files\3dvfx\3dvfx\vertex.h(67): error C2614: 'VertexPositionTexCoord' : illegal member initialization: 'pos' is not a base or member
     1>c:\users\ben\dropbox\train2game\portfolios\project 3\assignment 01 – 3d graphics for computer games\project files\3dvfx\3dvfx\vertex.h(67): error C2614: 'VertexPositionTexCoord' : illegal member initialization: 'textureCoord' is not a base or member
     1>c:\users\ben\dropbox\train2game\portfolios\project 3\assignment 01 – 3d graphics for computer games\project files\3dvfx\3dvfx\vertex.h(84): error C2061: syntax error : identifier 'DWORD'
     1>c:\users\ben\dropbox\train2game\portfolios\project 3\assignment 01 – 3d graphics for computer games\project files\3dvfx\3dvfx\vertex.h(86): error C2061: syntax error : identifier 'Vector3D'
     1>c:\users\ben\dropbox\train2game\portfolios\project 3\assignment 01 – 3d graphics for computer games\project files\3dvfx\3dvfx\vertex.h(86): error C2535: 'VertexPositionNormalColour::VertexPositionNormalColour(void)' : member function already defined or declared
                 c:\users\ben\dropbox\train2game\portfolios\project 3\assignment 01 – 3d graphics for computer games\project files\3dvfx\3dvfx\vertex.h(83) : see declaration of 'VertexPositionNormalColour::VertexPositionNormalColour'
     1>c:\users\ben\dropbox\train2game\portfolios\project 3\assignment 01 – 3d graphics for computer games\project files\3dvfx\3dvfx\vertex.h(89): error C2146: syntax error : missing ';' before identifier 'pos'
     1>c:\users\ben\dropbox\train2game\portfolios\project 3\assignment 01 – 3d graphics for computer games\project files\3dvfx\3dvfx\vertex.h(89): error C4430: missing type specifier - int assumed. Note: C++ does not support default-int
     1>c:\users\ben\dropbox\train2game\portfolios\project 3\assignment 01 – 3d graphics for computer games\project files\3dvfx\3dvfx\vertex.h(90): error C2146: syntax error : missing ';' before identifier 'normal'
     1>c:\users\ben\dropbox\train2game\portfolios\project 3\assignment 01 – 3d graphics for computer games\project files\3dvfx\3dvfx\vertex.h(90): error C4430: missing type specifier - int assumed. Note: C++ does not support default-int
     1>c:\users\ben\dropbox\train2game\portfolios\project 3\assignment 01 – 3d graphics for computer games\project files\3dvfx\3dvfx\vertex.h(91): error C2146: syntax error : missing ';' before identifier 'colour'
     1>c:\users\ben\dropbox\train2game\portfolios\project 3\assignment 01 – 3d graphics for computer games\project files\3dvfx\3dvfx\vertex.h(91): error C4430: missing type specifier - int assumed. Note: C++ does not support default-int
     1>c:\users\ben\dropbox\train2game\portfolios\project 3\assignment 01 – 3d graphics for computer games\project files\3dvfx\3dvfx\vertex.h(93): error C2143: syntax error : missing ';' before '*'
     1>c:\users\ben\dropbox\train2game\portfolios\project 3\assignment 01 – 3d graphics for computer games\project files\3dvfx\3dvfx\vertex.h(93): error C4430: missing type specifier - int assumed. Note: C++ does not support default-int
     1>c:\users\ben\dropbox\train2game\portfolios\project 3\assignment 01 – 3d graphics for computer games\project files\3dvfx\3dvfx\vertex.h(83): error C2614: 'VertexPositionNormalColour' : illegal member initialization: 'pos' is not a base or member
     1>c:\users\ben\dropbox\train2game\portfolios\project 3\assignment 01 – 3d graphics for computer games\project files\3dvfx\3dvfx\vertex.h(83): error C2614: 'VertexPositionNormalColour' : illegal member initialization: 'normal' is not a base or member
     1>c:\users\ben\dropbox\train2game\portfolios\project 3\assignment 01 – 3d graphics for computer games\project files\3dvfx\3dvfx\vertex.h(83): error C2614: 'VertexPositionNormalColour' : illegal member initialization: 'colour' is not a base or member
     1>c:\users\ben\dropbox\train2game\portfolios\project 3\assignment 01 – 3d graphics for computer games\project files\3dvfx\3dvfx\vertex.h(84): error C2065: 'col' : undeclared identifier
     1>c:\users\ben\dropbox\train2game\portfolios\project 3\assignment 01 – 3d graphics for computer games\project files\3dvfx\3dvfx\vertex.h(84): error C2614: 'VertexPositionNormalColour' : illegal member initialization: 'pos' is not a base or member
     1>c:\users\ben\dropbox\train2game\portfolios\project 3\assignment 01 – 3d graphics for computer games\project files\3dvfx\3dvfx\vertex.h(84): error C2614: 'VertexPositionNormalColour' : illegal member initialization: 'normal' is not a base or member
     1>c:\users\ben\dropbox\train2game\portfolios\project 3\assignment 01 – 3d graphics for computer games\project files\3dvfx\3dvfx\vertex.h(84): error C2614: 'VertexPositionNormalColour' : illegal member initialization: 'colour' is not a base or member
     1>c:\users\ben\dropbox\train2game\portfolios\project 3\assignment 01 – 3d graphics for computer games\project files\3dvfx\3dvfx\vertex.h(86): error C2065: 'position' : undeclared identifier
     1>c:\users\ben\dropbox\train2game\portfolios\project 3\assignment 01 – 3d graphics for computer games\project files\3dvfx\3dvfx\vertex.h(86): error C2065: 'norm' : undeclared identifier
     1>c:\users\ben\dropbox\train2game\portfolios\project 3\assignment 01 – 3d graphics for computer games\project files\3dvfx\3dvfx\vertex.h(86): error C2065: 'col' : undeclared identifier
     1>c:\users\ben\dropbox\train2game\portfolios\project 3\assignment 01 – 3d graphics for computer games\project files\3dvfx\3dvfx\vertex.h(86): error C2614: 'VertexPositionNormalColour' : illegal member initialization: 'pos' is not a base or member
     1>c:\users\ben\dropbox\train2game\portfolios\project 3\assignment 01 – 3d graphics for computer games\project files\3dvfx\3dvfx\vertex.h(86): error C2614: 'VertexPositionNormalColour' : illegal member initialization: 'normal' is not a base or member
     1>c:\users\ben\dropbox\train2game\portfolios\project 3\assignment 01 – 3d graphics for computer games\project files\3dvfx\3dvfx\vertex.h(86): error C2614: 'VertexPositionNormalColour' : illegal member initialization: 'colour' is not a base or member
     1>c:\users\ben\dropbox\train2game\portfolios\project 3\assignment 01 – 3d graphics for computer games\project files\3dvfx\3dvfx\vertex.h(108): error C2061: syntax error : identifier 'Vector3D'
     1>c:\users\ben\dropbox\train2game\portfolios\project 3\assignment 01 – 3d graphics for computer games\project files\3dvfx\3dvfx\vertex.h(108): error C2535: 'VertexPositionNormalTexCoord::VertexPositionNormalTexCoord(void)' : member function already defined or declared
                 c:\users\ben\dropbox\train2game\portfolios\project 3\assignment 01 – 3d graphics for computer games\project files\3dvfx\3dvfx\vertex.h(104) : see declaration of 'VertexPositionNormalTexCoord::VertexPositionNormalTexCoord'
     1>c:\users\ben\dropbox\train2game\portfolios\project 3\assignment 01 – 3d graphics for computer games\project files\3dvfx\3dvfx\vertex.h(111): error C2146: syntax error : missing ';' before identifier 'pos'
     1>c:\users\ben\dropbox\train2game\portfolios\project 3\assignment 01 – 3d graphics for computer games\project files\3dvfx\3dvfx\vertex.h(111): error C4430: missing type specifier - int assumed. Note: C++ does not support default-int
     1>c:\users\ben\dropbox\train2game\portfolios\project 3\assignment 01 – 3d graphics for computer games\project files\3dvfx\3dvfx\vertex.h(112): error C2146: syntax error : missing ';' before identifier 'normal'
     1>c:\users\ben\dropbox\train2game\portfolios\project 3\assignment 01 – 3d graphics for computer games\project files\3dvfx\3dvfx\vertex.h(112): error C4430: missing type specifier - int assumed. Note: C++ does not support default-int
     1>c:\users\ben\dropbox\train2game\portfolios\project 3\assignment 01 – 3d graphics for computer games\project files\3dvfx\3dvfx\vertex.h(113): error C2146: syntax error : missing ';' before identifier 'textureCoord'
     1>c:\users\ben\dropbox\train2game\portfolios\project 3\assignment 01 – 3d graphics for computer games\project files\3dvfx\3dvfx\vertex.h(113): error C4430: missing type specifier - int assumed. Note: C++ does not support default-int
     1>c:\users\ben\dropbox\train2game\portfolios\project 3\assignment 01 – 3d graphics for computer games\project files\3dvfx\3dvfx\vertex.h(115): error C2143: syntax error : missing ';' before '*'
     1>c:\users\ben\dropbox\train2game\portfolios\project 3\assignment 01 – 3d graphics for computer games\project files\3dvfx\3dvfx\vertex.h(115): error C4430: missing type specifier - int assumed. Note: C++ does not support default-int
     1>c:\users\ben\dropbox\train2game\portfolios\project 3\assignment 01 – 3d graphics for computer games\project files\3dvfx\3dvfx\vertex.h(104): error C2614: 'VertexPositionNormalTexCoord' : illegal member initialization: 'pos' is not a base or member
     1>c:\users\ben\dropbox\train2game\portfolios\project 3\assignment 01 – 3d graphics for computer games\project files\3dvfx\3dvfx\vertex.h(104): error C2614: 'VertexPositionNormalTexCoord' : illegal member initialization: 'normal' is not a base or member
     1>c:\users\ben\dropbox\train2game\portfolios\project 3\assignment 01 – 3d graphics for computer games\project files\3dvfx\3dvfx\vertex.h(104): error C2614: 'VertexPositionNormalTexCoord' : illegal member initialization: 'textureCoord' is not a base or member
     1>c:\users\ben\dropbox\train2game\portfolios\project 3\assignment 01 – 3d graphics for computer games\project files\3dvfx\3dvfx\vertex.h(106): error C2614: 'VertexPositionNormalTexCoord' : illegal member initialization: 'pos' is not a base or member
     1>c:\users\ben\dropbox\train2game\portfolios\project 3\assignment 01 – 3d graphics for computer games\project files\3dvfx\3dvfx\vertex.h(106): error C2614: 'VertexPositionNormalTexCoord' : illegal member initialization: 'normal' is not a base or member
     1>c:\users\ben\dropbox\train2game\portfolios\project 3\assignment 01 – 3d graphics for computer games\project files\3dvfx\3dvfx\vertex.h(106): error C2614: 'VertexPositionNormalTexCoord' : illegal member initialization: 'textureCoord' is not a base or member
     1>c:\users\ben\dropbox\train2game\portfolios\project 3\assignment 01 – 3d graphics for computer games\project files\3dvfx\3dvfx\vertex.h(108): error C2065: 'position' : undeclared identifier
     1>c:\users\ben\dropbox\train2game\portfolios\project 3\assignment 01 – 3d graphics for computer games\project files\3dvfx\3dvfx\vertex.h(108): error C2065: 'norm' : undeclared identifier
     1>c:\users\ben\dropbox\train2game\portfolios\project 3\assignment 01 – 3d graphics for computer games\project files\3dvfx\3dvfx\vertex.h(108): error C2065: 'UV' : undeclared identifier
     1>c:\users\ben\dropbox\train2game\portfolios\project 3\assignment 01 – 3d graphics for computer games\project files\3dvfx\3dvfx\vertex.h(108): error C2614: 'VertexPositionNormalTexCoord' : illegal member initialization: 'pos' is not a base or member
     1>c:\users\ben\dropbox\train2game\portfolios\project 3\assignment 01 – 3d graphics for computer games\project files\3dvfx\3dvfx\vertex.h(108): error C2614: 'VertexPositionNormalTexCoord' : illegal member initialization: 'normal' is not a base or member
     1>c:\users\ben\dropbox\train2game\portfolios\project 3\assignment 01 – 3d graphics for computer games\project files\3dvfx\3dvfx\vertex.h(108): error C2614: 'VertexPositionNormalTexCoord' : illegal member initialization: 'textureCoord' is not a base or member
     1>c:\users\ben\dropbox\train2game\portfolios\project 3\assignment 01 – 3d graphics for computer games\project files\3dvfx\3dvfx\vertex.h(123): error C4430: missing type specifier - int assumed. Note: C++ does not support default-int
     1>c:\users\ben\dropbox\train2game\portfolios\project 3\assignment 01 – 3d graphics for computer games\project files\3dvfx\3dvfx\vertex.h(123): error C2143: syntax error : missing ',' before '&'
     1>c:\users\ben\dropbox\train2game\portfolios\project 3\assignment 01 – 3d graphics for computer games\project files\3dvfx\3dvfx\vertex.h(127): error C2146: syntax error : missing ';' before identifier 'pos'
     1>c:\users\ben\dropbox\train2game\portfolios\project 3\assignment 01 – 3d graphics for computer games\project files\3dvfx\3dvfx\vertex.h(127): error C4430: missing type specifier - int assumed. Note: C++ does not support default-int
     1>c:\users\ben\dropbox\train2game\portfolios\project 3\assignment 01 – 3d graphics for computer games\project files\3dvfx\3dvfx\vertex.h(128): error C2146: syntax error : missing ';' before identifier 'quadPosition'
     1>c:\users\ben\dropbox\train2game\portfolios\project 3\assignment 01 – 3d graphics for computer games\project files\3dvfx\3dvfx\vertex.h(128): error C4430: missing type specifier - int assumed. Note: C++ does not support default-int
     1>c:\users\ben\dropbox\train2game\portfolios\project 3\assignment 01 – 3d graphics for computer games\project files\3dvfx\3dvfx\vertex.h(129): error C2146: syntax error : missing ';' before identifier 'TexCoord'
     1>c:\users\ben\dropbox\train2game\portfolios\project 3\assignment 01 – 3d graphics for computer games\project files\3dvfx\3dvfx\vertex.h(129): error C4430: missing type specifier - int assumed. Note: C++ does not support default-int
     1>c:\users\ben\dropbox\train2game\portfolios\project 3\assignment 01 – 3d graphics for computer games\project files\3dvfx\3dvfx\vertex.h(131): error C2143: syntax error : missing ';' before '*'
     1>c:\users\ben\dropbox\train2game\portfolios\project 3\assignment 01 – 3d graphics for computer games\project files\3dvfx\3dvfx\vertex.h(131): error C4430: missing type specifier - int assumed. Note: C++ does not support default-int
     1>c:\users\ben\dropbox\train2game\portfolios\project 3\assignment 01 – 3d graphics for computer games\project files\3dvfx\3dvfx\vertex.h(121): error C2614: 'BillBoardVertex' : illegal member initialization: 'pos' is not a base or member
     1>c:\users\ben\dropbox\train2game\portfolios\project 3\assignment 01 – 3d graphics for computer games\project files\3dvfx\3dvfx\vertex.h(121): error C2614: 'BillBoardVertex' : illegal member initialization: 'TexCoord' is not a base or member
     1>c:\users\ben\dropbox\train2game\portfolios\project 3\assignment 01 – 3d graphics for computer games\project files\3dvfx\3dvfx\vertex.h(123): error C2065: 'v' : undeclared identifier
     1>c:\users\ben\dropbox\train2game\portfolios\project 3\assignment 01 – 3d graphics for computer games\project files\3dvfx\3dvfx\vertex.h(125): error C2065: 'uv' : undeclared identifier
     1>c:\users\ben\dropbox\train2game\portfolios\project 3\assignment 01 – 3d graphics for computer games\project files\3dvfx\3dvfx\vertex.h(125): error C2614: 'BillBoardVertex' : illegal member initialization: 'pos' is not a base or member
     1>c:\users\ben\dropbox\train2game\portfolios\project 3\assignment 01 – 3d graphics for computer games\project files\3dvfx\3dvfx\vertex.h(125): error C2614: 'BillBoardVertex' : illegal member initialization: 'TexCoord' is not a base or member
     1>c:\users\ben\dropbox\train2game\portfolios\project 3\assignment 01 – 3d graphics for computer games\project files\3dvfx\3dvfx\vertex.h(125): error C2614: 'BillBoardVertex' : illegal member initialization: 'quadPosition' is not a base or member
         Generating Code...
         Compiling...
         Quad.cpp
     1>c:\users\ben\dropbox\train2game\portfolios\project 3\assignment 01 – 3d graphics for computer games\project files\3dvfx\3dvfx\quad.cpp : fatal error C1041: cannot open program database 'c:\users\ben\dropbox\train2game\portfolios\project 3\assignment 01 – 3d graphics for computer games\project files\3dvfx\3dvfx\debug\vc120.idb'; if multiple CL.EXE write to the same .PDB file, please use /FS
         PropManager.cpp
         PropItem.cpp
         Program.cpp
     1>c:\users\ben\dropbox\train2game\portfolios\project 3\assignment 01 – 3d graphics for computer games\project files\3dvfx\3dvfx\program.cpp(220): error C2664: 'DWORD GetCurrentDirectoryW(DWORD,LPWSTR)' : cannot convert argument 2 from 'char *' to 'LPWSTR'
                 Types pointed to are unrelated; conversion requires reinterpret_cast, C-style cast or function-style cast
         PolygonData.cpp
     1>c:\users\ben\dropbox\train2game\portfolios\project 3\assignment 01 – 3d graphics for computer games\project files\3dvfx\3dvfx\polygondata.cpp : fatal error C1041: cannot open program database 'c:\users\ben\dropbox\train2game\portfolios\project 3\assignment 01 – 3d graphics for computer games\project files\3dvfx\3dvfx\debug\vc120.pdb'; if multiple CL.EXE write to the same .PDB file, please use /FS
         PointLight.cpp
     1>c:\users\ben\dropbox\train2game\portfolios\project 3\assignment 01 – 3d graphics for computer games\project files\3dvfx\3dvfx\pointlight.cpp : fatal error C1041: cannot open program database 'c:\users\ben\dropbox\train2game\portfolios\project 3\assignment 01 – 3d graphics for computer games\project files\3dvfx\3dvfx\debug\vc120.idb'; if multiple CL.EXE write to the same .PDB file, please use /FS
         ParticleSystem.cpp
         ParticleEmitter.cpp
         MyString.cpp
         MyFileReader.cpp
         ModelManager.cpp
         Model.cpp
     1>c:\users\ben\dropbox\train2game\portfolios\project 3\assignment 01 – 3d graphics for computer games\project files\3dvfx\3dvfx\model.cpp(65): error C2664: 'HRESULT D3DXLoadMeshFromXW(LPCWSTR,DWORD,LPDIRECT3DDEVICE9,LPD3DXBUFFER *,LPD3DXBUFFER *,LPD3DXBUFFER *,DWORD *,LPD3DXMESH *)' : cannot convert argument 1 from 'const char *' to 'LPCWSTR'
                 Types pointed to are unrelated; conversion requires reinterpret_cast, C-style cast or function-style cast
         MeshHierarchy.cpp
     1>c:\users\ben\dropbox\train2game\portfolios\project 3\assignment 01 – 3d graphics for computer games\project files\3dvfx\3dvfx\meshhierarchy.cpp : fatal error C1041: cannot open program database 'c:\users\ben\dropbox\train2game\portfolios\project 3\assignment 01 – 3d graphics for computer games\project files\3dvfx\3dvfx\debug\vc120.pdb'; if multiple CL.EXE write to the same .PDB file, please use /FS
         Material.cpp
     1>c:\users\ben\dropbox\train2game\portfolios\project 3\assignment 01 – 3d graphics for computer games\project files\3dvfx\3dvfx\material.cpp : fatal error C1041: cannot open program database 'c:\users\ben\dropbox\train2game\portfolios\project 3\assignment 01 – 3d graphics for computer games\project files\3dvfx\3dvfx\debug\vc120.pdb'; if multiple CL.EXE write to the same .PDB file, please use /FS
         Line.cpp
         LightingManager.cpp
         Light.cpp
         InputManager.cpp
         Hierarchy.cpp
     1>c:\users\ben\dropbox\train2game\portfolios\project 3\assignment 01 – 3d graphics for computer games\project files\3dvfx\3dvfx\hierarchy.cpp(124): error C2664: 'HRESULT D3DXCreateTextureFromFileW(LPDIRECT3DDEVICE9,LPCWSTR,LPDIRECT3DTEXTURE9 *)' : cannot convert argument 2 from 'MyString' to 'LPCWSTR'
                 No user-defined-conversion operator available that can perform this conversion, or the operator cannot be called
     1>c:\users\ben\dropbox\train2game\portfolios\project 3\assignment 01 – 3d graphics for computer games\project files\3dvfx\3dvfx\hierarchy.cpp(131): error C2664: 'HRESULT D3DXCreateTextureFromFileW(LPDIRECT3DDEVICE9,LPCWSTR,LPDIRECT3DTEXTURE9 *)' : cannot convert argument 2 from 'MyString' to 'LPCWSTR'
                 No user-defined-conversion operator available that can perform this conversion, or the operator cannot be called
         GameStateManager.cpp
     1>c:\users\ben\dropbox\train2game\portfolios\project 3\assignment 01 – 3d graphics for computer games\project files\3dvfx\3dvfx\gamestatemanager.cpp : fatal error C1041: cannot open program database 'c:\users\ben\dropbox\train2game\portfolios\project 3\assignment 01 – 3d graphics for computer games\project files\3dvfx\3dvfx\debug\vc120.idb'; if multiple CL.EXE write to the same .PDB file, please use /FS
         Generating Code...
         Compiling...
         GameState.cpp
         Frustum.cpp
         FreeCamera.cpp
         Error.cpp
     1>c:\users\ben\dropbox\train2game\portfolios\project 3\assignment 01 – 3d graphics for computer games\project files\3dvfx\3dvfx\error.cpp(8): error C2664: 'int MessageBoxW(HWND,LPCWSTR,LPCWSTR,UINT)' : cannot convert argument 2 from 'const char *' to 'LPCWSTR'
                 Types pointed to are unrelated; conversion requires reinterpret_cast, C-style cast or function-style cast
         EnvironmentManager.cpp
     1>c:\users\ben\dropbox\train2game\portfolios\project 3\assignment 01 – 3d graphics for computer games\project files\3dvfx\3dvfx\environmentmanager.cpp : fatal error C1041: cannot open program database 'c:\users\ben\dropbox\train2game\portfolios\project 3\assignment 01 – 3d graphics for computer games\project files\3dvfx\3dvfx\debug\vc120.pdb'; if multiple CL.EXE write to the same .PDB file, please use /FS
         Environment.cpp
     1>c:\users\ben\dropbox\train2game\portfolios\project 3\assignment 01 – 3d graphics for computer games\project files\3dvfx\3dvfx\environment.cpp : fatal error C1041: cannot open program database 'c:\users\ben\dropbox\train2game\portfolios\project 3\assignment 01 – 3d graphics for computer games\project files\3dvfx\3dvfx\debug\vc120.idb'; if multiple CL.EXE write to the same .PDB file, please use /FS
         EntityLoader.cpp
         EffectManager.cpp
         Effect.cpp
     1>c:\users\ben\dropbox\train2game\portfolios\project 3\assignment 01 – 3d graphics for computer games\project files\3dvfx\3dvfx\effect.cpp(22): error C2664: 'HRESULT D3DXCreateEffectFromFileW(LPDIRECT3DDEVICE9,LPCWSTR,const D3DXMACRO *,LPD3DXINCLUDE,DWORD,LPD3DXEFFECTPOOL,LPD3DXEFFECT *,LPD3DXBUFFER *)' : cannot convert argument 2 from 'const char *' to 'LPCWSTR'
                 Types pointed to are unrelated; conversion requires reinterpret_cast, C-style cast or function-style cast
     1>c:\users\ben\dropbox\train2game\portfolios\project 3\assignment 01 – 3d graphics for computer games\project files\3dvfx\3dvfx\effect.cpp(26): error C2664: 'int MessageBoxW(HWND,LPCWSTR,LPCWSTR,UINT)' : cannot convert argument 2 from 'char *' to 'LPCWSTR'
                 Types pointed to are unrelated; conversion requires reinterpret_cast, C-style cast or function-style cast
         DirectXDevice.cpp
         DirectionalLight.cpp
         Cylinder.cpp
         CollisionMesh.cpp
         CharacterManager.cpp
         CharacterClass.cpp
     1>c:\users\ben\dropbox\train2game\portfolios\project 3\assignment 01 – 3d graphics for computer games\project files\3dvfx\3dvfx\aabb.h(16): error C4430: missing type specifier - int assumed. Note: C++ does not support default-int
     1>c:\users\ben\dropbox\train2game\portfolios\project 3\assignment 01 – 3d graphics for computer games\project files\3dvfx\3dvfx\aabb.h(16): error C2143: syntax error : missing ',' before '&'
     1>c:\users\ben\dropbox\train2game\portfolios\project 3\assignment 01 – 3d graphics for computer games\project files\3dvfx\3dvfx\aabb.h(23): error C4430: missing type specifier - int assumed. Note: C++ does not support default-int
     1>c:\users\ben\dropbox\train2game\portfolios\project 3\assignment 01 – 3d graphics for computer games\project files\3dvfx\3dvfx\aabb.h(23): error C2143: syntax error : missing ',' before '*'
     1>c:\users\ben\dropbox\train2game\portfolios\project 3\assignment 01 – 3d graphics for computer games\project files\3dvfx\3dvfx\aabb.h(23): error C2535: 'AABB::AABB(const int)' : member function already defined or declared
                 c:\users\ben\dropbox\train2game\portfolios\project 3\assignment 01 – 3d graphics for computer games\project files\3dvfx\3dvfx\aabb.h(16) : see declaration of 'AABB::AABB'
     1>c:\users\ben\dropbox\train2game\portfolios\project 3\assignment 01 – 3d graphics for computer games\project files\3dvfx\3dvfx\aabb.h(36): error C2061: syntax error : identifier 'Mesh'
     1>c:\users\ben\dropbox\train2game\portfolios\project 3\assignment 01 – 3d graphics for computer games\project files\3dvfx\3dvfx\aabb.h(36): error C2535: 'AABB::AABB(void)' : member function already defined or declared
                 c:\users\ben\dropbox\train2game\portfolios\project 3\assignment 01 – 3d graphics for computer games\project files\3dvfx\3dvfx\aabb.h(12) : see declaration of 'AABB::AABB'
     1>c:\users\ben\dropbox\train2game\portfolios\project 3\assignment 01 – 3d graphics for computer games\project files\3dvfx\3dvfx\aabb.h(47): error C4430: missing type specifier - int assumed. Note: C++ does not support default-int
     1>c:\users\ben\dropbox\train2game\portfolios\project 3\assignment 01 – 3d graphics for computer games\project files\3dvfx\3dvfx\aabb.h(47): error C2143: syntax error : missing ',' before '&'
     1>c:\users\ben\dropbox\train2game\portfolios\project 3\assignment 01 – 3d graphics for computer games\project files\3dvfx\3dvfx\aabb.h(52): error C4430: missing type specifier - int assumed. Note: C++ does not support default-int
     1>c:\users\ben\dropbox\train2game\portfolios\project 3\assignment 01 – 3d graphics for computer games\project files\3dvfx\3dvfx\aabb.h(52): error C2143: syntax error : missing ';' before '&'
     1>c:\users\ben\dropbox\train2game\portfolios\project 3\assignment 01 – 3d graphics for computer games\project files\3dvfx\3dvfx\aabb.h(52): warning C4183: 'GetMin': missing return type; assumed to be a member function returning 'int'
     1>c:\users\ben\dropbox\train2game\portfolios\project 3\assignment 01 – 3d graphics for computer games\project files\3dvfx\3dvfx\aabb.h(57): error C4430: missing type specifier - int assumed. Note: C++ does not support default-int
     1>c:\users\ben\dropbox\train2game\portfolios\project 3\assignment 01 – 3d graphics for computer games\project files\3dvfx\3dvfx\aabb.h(57): error C2143: syntax error : missing ',' before '&'
     1>c:\users\ben\dropbox\train2game\portfolios\project 3\assignment 01 – 3d graphics for computer games\project files\3dvfx\3dvfx\aabb.h(62): error C4430: missing type specifier - int assumed. Note: C++ does not support default-int
     1>c:\users\ben\dropbox\train2game\portfolios\project 3\assignment 01 – 3d graphics for computer games\project files\3dvfx\3dvfx\aabb.h(62): error C2143: syntax error : missing ';' before '&'
     1>c:\users\ben\dropbox\train2game\portfolios\project 3\assignment 01 – 3d graphics for computer games\project files\3dvfx\3dvfx\aabb.h(62): error C2086: 'const int AABB::Vector3D' : redefinition
                 c:\users\ben\dropbox\train2game\portfolios\project 3\assignment 01 – 3d graphics for computer games\project files\3dvfx\3dvfx\aabb.h(52) : see declaration of 'AABB::Vector3D'
     1>c:\users\ben\dropbox\train2game\portfolios\project 3\assignment 01 – 3d graphics for computer games\project files\3dvfx\3dvfx\aabb.h(62): warning C4183: 'GetMax': missing return type; assumed to be a member function returning 'int'
     1>c:\users\ben\dropbox\train2game\portfolios\project 3\assignment 01 – 3d graphics for computer games\project files\3dvfx\3dvfx\aabb.h(67): error C4430: missing type specifier - int assumed. Note: C++ does not support default-int
     1>c:\users\ben\dropbox\train2game\portfolios\project 3\assignment 01 – 3d graphics for computer games\project files\3dvfx\3dvfx\aabb.h(67): error C2143: syntax error : missing ',' before '&'
     1>c:\users\ben\dropbox\train2game\portfolios\project 3\assignment 01 – 3d graphics for computer games\project files\3dvfx\3dvfx\aabb.h(86): error C4430: missing type specifier - int assumed. Note: C++ does not support default-int
     1>c:\users\ben\dropbox\train2game\portfolios\project 3\assignment 01 – 3d graphics for computer games\project files\3dvfx\3dvfx\aabb.h(86): error C2143: syntax error : missing ',' before '&'
     1>c:\users\ben\dropbox\train2game\portfolios\project 3\assignment 01 – 3d graphics for computer games\project files\3dvfx\3dvfx\aabb.h(90): error C2146: syntax error : missing ';' before identifier 'm_min'
     1>c:\users\ben\dropbox\train2game\portfolios\project 3\assignment 01 – 3d graphics for computer games\project files\3dvfx\3dvfx\aabb.h(90): error C4430: missing type specifier - int assumed. Note: C++ does not support default-int
     1>c:\users\ben\dropbox\train2game\portfolios\project 3\assignment 01 – 3d graphics for computer games\project files\3dvfx\3dvfx\aabb.h(91): error C2146: syntax error : missing ';' before identifier 'm_max'
     1>c:\users\ben\dropbox\train2game\portfolios\project 3\assignment 01 – 3d graphics for computer games\project files\3dvfx\3dvfx\aabb.h(91): error C4430: missing type specifier - int assumed. Note: C++ does not support default-int
     1>c:\users\ben\dropbox\train2game\portfolios\project 3\assignment 01 – 3d graphics for computer games\project files\3dvfx\3dvfx\vertex.h(33): error C4430: missing type specifier - int assumed. Note: C++ does not support default-int
     1>c:\users\ben\dropbox\train2game\portfolios\project 3\assignment 01 – 3d graphics for computer games\project files\3dvfx\3dvfx\vertex.h(33): error C2143: syntax error : missing ',' before '&'
     1>c:\users\ben\dropbox\train2game\portfolios\project 3\assignment 01 – 3d graphics for computer games\project files\3dvfx\3dvfx\vertex.h(35): error C2146: syntax error : missing ';' before identifier 'pos'
     1>c:\users\ben\dropbox\train2game\portfolios\project 3\assignment 01 – 3d graphics for computer games\project files\3dvfx\3dvfx\vertex.h(35): error C4430: missing type specifier - int assumed. Note: C++ does not support default-int
     1>c:\users\ben\dropbox\train2game\portfolios\project 3\assignment 01 – 3d graphics for computer games\project files\3dvfx\3dvfx\vertex.h(37): error C2143: syntax error : missing ';' before '*'
     1>c:\users\ben\dropbox\train2game\portfolios\project 3\assignment 01 – 3d graphics for computer games\project files\3dvfx\3dvfx\vertex.h(37): error C4430: missing type specifier - int assumed. Note: C++ does not support default-int
     1>c:\users\ben\dropbox\train2game\portfolios\project 3\assignment 01 – 3d graphics for computer games\project files\3dvfx\3dvfx\vertex.h(31): error C2614: 'VertexPosition' : illegal member initialization: 'pos' is not a base or member
     1>c:\users\ben\dropbox\train2game\portfolios\project 3\assignment 01 – 3d graphics for computer games\project files\3dvfx\3dvfx\vertex.h(32): error C2614: 'VertexPosition' : illegal member initialization: 'pos' is not a base or member
     1>c:\users\ben\dropbox\train2game\portfolios\project 3\assignment 01 – 3d graphics for computer games\project files\3dvfx\3dvfx\vertex.h(33): error C2065: 'v' : undeclared identifier
     1>c:\users\ben\dropbox\train2game\portfolios\project 3\assignment 01 – 3d graphics for computer games\project files\3dvfx\3dvfx\vertex.h(33): error C2614: 'VertexPosition' : illegal member initialization: 'pos' is not a base or member
     1>c:\users\ben\dropbox\train2game\portfolios\project 3\assignment 01 – 3d graphics for computer games\project files\3dvfx\3dvfx\vertex.h(49): error C2061: syntax error : identifier 'DWORD'
     1>c:\users\ben\dropbox\train2game\portfolios\project 3\assignment 01 – 3d graphics for computer games\project files\3dvfx\3dvfx\vertex.h(50): error C2061: syntax error : identifier 'Vector3D'
     1>c:\users\ben\dropbox\train2game\portfolios\project 3\assignment 01 – 3d graphics for computer games\project files\3dvfx\3dvfx\vertex.h(50): error C2535: 'VertexColour::VertexColour(void)' : member function already defined or declared
                 c:\users\ben\dropbox\train2game\portfolios\project 3\assignment 01 – 3d graphics for computer games\project files\3dvfx\3dvfx\vertex.h(48) : see declaration of 'VertexColour::VertexColour'
     1>c:\users\ben\dropbox\train2game\portfolios\project 3\assignment 01 – 3d graphics for computer games\project files\3dvfx\3dvfx\vertex.h(52): error C2146: syntax error : missing ';' before identifier 'pos'
     1>c:\users\ben\dropbox\train2game\portfolios\project 3\assignment 01 – 3d graphics for computer games\project files\3dvfx\3dvfx\vertex.h(52): error C4430: missing type specifier - int assumed. Note: C++ does not support default-int
     1>c:\users\ben\dropbox\train2game\portfolios\project 3\assignment 01 – 3d graphics for computer games\project files\3dvfx\3dvfx\vertex.h(53): error C2146: syntax error : missing ';' before identifier 'colour'
     1>c:\users\ben\dropbox\train2game\portfolios\project 3\assignment 01 – 3d graphics for computer games\project files\3dvfx\3dvfx\vertex.h(53): error C4430: missing type specifier - int assumed. Note: C++ does not support default-int
     1>c:\users\ben\dropbox\train2game\portfolios\project 3\assignment 01 – 3d graphics for computer games\project files\3dvfx\3dvfx\vertex.h(55): error C2143: syntax error : missing ';' before '*'
     1>c:\users\ben\dropbox\train2game\portfolios\project 3\assignment 01 – 3d graphics for computer games\project files\3dvfx\3dvfx\vertex.h(55): error C4430: missing type specifier - int assumed. Note: C++ does not support default-int
     1>c:\users\ben\dropbox\train2game\portfolios\project 3\assignment 01 – 3d graphics for computer games\project files\3dvfx\3dvfx\vertex.h(48): error C2614: 'VertexColour' : illegal member initialization: 'pos' is not a base or member
     1>c:\users\ben\dropbox\train2game\portfolios\project 3\assignment 01 – 3d graphics for computer games\project files\3dvfx\3dvfx\vertex.h(48): error C2614: 'VertexColour' : illegal member initialization: 'colour' is not a base or member
     1>c:\users\ben\dropbox\train2game\portfolios\project 3\assignment 01 – 3d graphics for computer games\project files\3dvfx\3dvfx\vertex.h(49): error C2065: 'col' : undeclared identifier
     1>c:\users\ben\dropbox\train2game\portfolios\project 3\assignment 01 – 3d graphics for computer games\project files\3dvfx\3dvfx\vertex.h(49): error C2614: 'VertexColour' : illegal member initialization: 'pos' is not a base or member
     1>c:\users\ben\dropbox\train2game\portfolios\project 3\assignment 01 – 3d graphics for computer games\project files\3dvfx\3dvfx\vertex.h(49): error C2614: 'VertexColour' : illegal member initialization: 'colour' is not a base or member
     1>c:\users\ben\dropbox\train2game\portfolios\project 3\assignment 01 – 3d graphics for computer games\project files\3dvfx\3dvfx\vertex.h(50): error C2065: 'position' : undeclared identifier
     1>c:\users\ben\dropbox\train2game\portfolios\project 3\assignment 01 – 3d graphics for computer games\project files\3dvfx\3dvfx\vertex.h(50): error C2065: 'col' : undeclared identifier
     1>c:\users\ben\dropbox\train2game\portfolios\project 3\assignment 01 – 3d graphics for computer games\project files\3dvfx\3dvfx\vertex.h(50): error C2614: 'VertexColour' : illegal member initialization: 'pos' is not a base or member
     1>c:\users\ben\dropbox\train2game\portfolios\project 3\assignment 01 – 3d graphics for computer games\project files\3dvfx\3dvfx\vertex.h(50): error C2614: 'VertexColour' : illegal member initialization: 'colour' is not a base or member
     1>c:\users\ben\dropbox\train2game\portfolios\project 3\assignment 01 – 3d graphics for computer games\project files\3dvfx\3dvfx\vertex.h(67): error C2061: syntax error : identifier 'Vector3D'
     1>c:\users\ben\dropbox\train2game\portfolios\project 3\assignment 01 – 3d graphics for computer games\project files\3dvfx\3dvfx\vertex.h(67): error C2535: 'VertexPositionTexCoord::VertexPositionTexCoord(void)' : member function already defined or declared
                 c:\users\ben\dropbox\train2game\portfolios\project 3\assignment 01 – 3d graphics for computer games\project files\3dvfx\3dvfx\vertex.h(65) : see declaration of 'VertexPositionTexCoord::VertexPositionTexCoord'
     1>c:\users\ben\dropbox\train2game\portfolios\project 3\assignment 01 – 3d graphics for computer games\project files\3dvfx\3dvfx\vertex.h(69): error C2146: syntax error : missing ';' before identifier 'pos'
     1>c:\users\ben\dropbox\train2game\portfolios\project 3\assignment 01 – 3d graphics for computer games\project files\3dvfx\3dvfx\vertex.h(69): error C4430: missing type specifier - int assumed. Note: C++ does not support default-int
     1>c:\users\ben\dropbox\train2game\portfolios\project 3\assignment 01 – 3d graphics for computer games\project files\3dvfx\3dvfx\vertex.h(70): error C2146: syntax error : missing ';' before identifier 'textureCoord'
     1>c:\users\ben\dropbox\train2game\portfolios\project 3\assignment 01 – 3d graphics for computer games\project files\3dvfx\3dvfx\vertex.h(70): error C4430: missing type specifier - int assumed. Note: C++ does not support default-int
     1>c:\users\ben\dropbox\train2game\portfolios\project 3\assignment 01 – 3d graphics for computer games\project files\3dvfx\3dvfx\vertex.h(72): error C2143: syntax error : missing ';' before '*'
     1>c:\users\ben\dropbox\train2game\portfolios\project 3\assignment 01 – 3d graphics for computer games\project files\3dvfx\3dvfx\vertex.h(72): error C4430: missing type specifier - int assumed. Note: C++ does not support default-int
     1>c:\users\ben\dropbox\train2game\portfolios\project 3\assignment 01 – 3d graphics for computer games\project files\3dvfx\3dvfx\vertex.h(65): error C2614: 'VertexPositionTexCoord' : illegal member initialization: 'pos' is not a base or member
     1>c:\users\ben\dropbox\train2game\portfolios\project 3\assignment 01 – 3d graphics for computer games\project files\3dvfx\3dvfx\vertex.h(65): error C2614: 'VertexPositionTexCoord' : illegal member initialization: 'textureCoord' is not a base or member
     1>c:\users\ben\dropbox\train2game\portfolios\project 3\assignment 01 – 3d graphics for computer games\project files\3dvfx\3dvfx\vertex.h(66): error C2614: 'VertexPositionTexCoord' : illegal member initialization: 'pos' is not a base or member
     1>c:\users\ben\dropbox\train2game\portfolios\project 3\assignment 01 – 3d graphics for computer games\project files\3dvfx\3dvfx\vertex.h(66): error C2614: 'VertexPositionTexCoord' : illegal member initialization: 'textureCoord' is not a base or member
     1>c:\users\ben\dropbox\train2game\portfolios\project 3\assignment 01 – 3d graphics for computer games\project files\3dvfx\3dvfx\vertex.h(67): error C2065: 'position' : undeclared identifier
     1>c:\users\ben\dropbox\train2game\portfolios\project 3\assignment 01 – 3d graphics for computer games\project files\3dvfx\3dvfx\vertex.h(67): error C2065: 'UV' : undeclared identifier
     1>c:\users\ben\dropbox\train2game\portfolios\project 3\assignment 01 – 3d graphics for computer games\project files\3dvfx\3dvfx\vertex.h(67): error C2614: 'VertexPositionTexCoord' : illegal member initialization: 'pos' is not a base or member
     1>c:\users\ben\dropbox\train2game\portfolios\project 3\assignment 01 – 3d graphics for computer games\project files\3dvfx\3dvfx\vertex.h(67): error C2614: 'VertexPositionTexCoord' : illegal member initialization: 'textureCoord' is not a base or member
     1>c:\users\ben\dropbox\train2game\portfolios\project 3\assignment 01 – 3d graphics for computer games\project files\3dvfx\3dvfx\vertex.h(84): error C2061: syntax error : identifier 'DWORD'
     1>c:\users\ben\dropbox\train2game\portfolios\project 3\assignment 01 – 3d graphics for computer games\project files\3dvfx\3dvfx\vertex.h(86): error C2061: syntax error : identifier 'Vector3D'
     1>c:\users\ben\dropbox\train2game\portfolios\project 3\assignment 01 – 3d graphics for computer games\project files\3dvfx\3dvfx\vertex.h(86): error C2535: 'VertexPositionNormalColour::VertexPositionNormalColour(void)' : member function already defined or declared
                 c:\users\ben\dropbox\train2game\portfolios\project 3\assignment 01 – 3d graphics for computer games\project files\3dvfx\3dvfx\vertex.h(83) : see declaration of 'VertexPositionNormalColour::VertexPositionNormalColour'
     1>c:\users\ben\dropbox\train2game\portfolios\project 3\assignment 01 – 3d graphics for computer games\project files\3dvfx\3dvfx\vertex.h(89): error C2146: syntax error : missing ';' before identifier 'pos'
     1>c:\users\ben\dropbox\train2game\portfolios\project 3\assignment 01 – 3d graphics for computer games\project files\3dvfx\3dvfx\vertex.h(89): error C4430: missing type specifier - int assumed. Note: C++ does not support default-int
     1>c:\users\ben\dropbox\train2game\portfolios\project 3\assignment 01 – 3d graphics for computer games\project files\3dvfx\3dvfx\vertex.h(90): error C2146: syntax error : missing ';' before identifier 'normal'
     1>c:\users\ben\dropbox\train2game\portfolios\project 3\assignment 01 – 3d graphics for computer games\project files\3dvfx\3dvfx\vertex.h(90): error C4430: missing type specifier - int assumed. Note: C++ does not support default-int
     1>c:\users\ben\dropbox\train2game\portfolios\project 3\assignment 01 – 3d graphics for computer games\project files\3dvfx\3dvfx\vertex.h(91): error C2146: syntax error : missing ';' before identifier 'colour'
     1>c:\users\ben\dropbox\train2game\portfolios\project 3\assignment 01 – 3d graphics for computer games\project files\3dvfx\3dvfx\vertex.h(91): error C4430: missing type specifier - int assumed. Note: C++ does not support default-int
     1>c:\users\ben\dropbox\train2game\portfolios\project 3\assignment 01 – 3d graphics for computer games\project files\3dvfx\3dvfx\vertex.h(93): error C2143: syntax error : missing ';' before '*'
     1>c:\users\ben\dropbox\train2game\portfolios\project 3\assignment 01 – 3d graphics for computer games\project files\3dvfx\3dvfx\vertex.h(93): error C4430: missing type specifier - int assumed. Note: C++ does not support default-int
     1>c:\users\ben\dropbox\train2game\portfolios\project 3\assignment 01 – 3d graphics for computer games\project files\3dvfx\3dvfx\vertex.h(83): error C2614: 'VertexPositionNormalColour' : illegal member initialization: 'pos' is not a base or member
     1>c:\users\ben\dropbox\train2game\portfolios\project 3\assignment 01 – 3d graphics for computer games\project files\3dvfx\3dvfx\vertex.h(83): error C2614: 'VertexPositionNormalColour' : illegal member initialization: 'normal' is not a base or member
     1>c:\users\ben\dropbox\train2game\portfolios\project 3\assignment 01 – 3d graphics for computer games\project files\3dvfx\3dvfx\vertex.h(83): error C2614: 'VertexPositionNormalColour' : illegal member initialization: 'colour' is not a base or member
     1>c:\users\ben\dropbox\train2game\portfolios\project 3\assignment 01 – 3d graphics for computer games\project files\3dvfx\3dvfx\vertex.h(84): error C2065: 'col' : undeclared identifier
     1>c:\users\ben\dropbox\train2game\portfolios\project 3\assignment 01 – 3d graphics for computer games\project files\3dvfx\3dvfx\vertex.h(84): error C2614: 'VertexPositionNormalColour' : illegal member initialization: 'pos' is not a base or member
     1>c:\users\ben\dropbox\train2game\portfolios\project 3\assignment 01 – 3d graphics for computer games\project files\3dvfx\3dvfx\vertex.h(84): error C2614: 'VertexPositionNormalColour' : illegal member initialization: 'normal' is not a base or member
     1>c:\users\ben\dropbox\train2game\portfolios\project 3\assignment 01 – 3d graphics for computer games\project files\3dvfx\3dvfx\vertex.h(84): error C2614: 'VertexPositionNormalColour' : illegal member initialization: 'colour' is not a base or member
     1>c:\users\ben\dropbox\train2game\portfolios\project 3\assignment 01 – 3d graphics for computer games\project files\3dvfx\3dvfx\vertex.h(86): error C2065: 'position' : undeclared identifier
     1>c:\users\ben\dropbox\train2game\portfolios\project 3\assignment 01 – 3d graphics for computer games\project files\3dvfx\3dvfx\vertex.h(86): error C2065: 'norm' : undeclared identifier
     1>c:\users\ben\dropbox\train2game\portfolios\project 3\assignment 01 – 3d graphics for computer games\project files\3dvfx\3dvfx\vertex.h(86): error C2065: 'col' : undeclared identifier
     1>c:\users\ben\dropbox\train2game\portfolios\project 3\assignment 01 – 3d graphics for computer games\project files\3dvfx\3dvfx\vertex.h(86): error C2614: 'VertexPositionNormalColour' : illegal member initialization: 'pos' is not a base or member
     1>c:\users\ben\dropbox\train2game\portfolios\project 3\assignment 01 – 3d graphics for computer games\project files\3dvfx\3dvfx\vertex.h(86): error C2614: 'VertexPositionNormalColour' : illegal member initialization: 'normal' is not a base or member
     1>c:\users\ben\dropbox\train2game\portfolios\project 3\assignment 01 – 3d graphics for computer games\project files\3dvfx\3dvfx\vertex.h(86): error C2614: 'VertexPositionNormalColour' : illegal member initialization: 'colour' is not a base or member
     1>c:\users\ben\dropbox\train2game\portfolios\project 3\assignment 01 – 3d graphics for computer games\project files\3dvfx\3dvfx\vertex.h(108): error C2061: syntax error : identifier 'Vector3D'
     1>c:\users\ben\dropbox\train2game\portfolios\project 3\assignment 01 – 3d graphics for computer games\project files\3dvfx\3dvfx\vertex.h(108): error C2535: 'VertexPositionNormalTexCoord::VertexPositionNormalTexCoord(void)' : member function already defined or declared
                 c:\users\ben\dropbox\train2game\portfolios\project 3\assignment 01 – 3d graphics for computer games\project files\3dvfx\3dvfx\vertex.h(104) : see declaration of 'VertexPositionNormalTexCoord::VertexPositionNormalTexCoord'
     1>c:\users\ben\dropbox\train2game\portfolios\project 3\assignment 01 – 3d graphics for computer games\project files\3dvfx\3dvfx\vertex.h(111): error C2146: syntax error : missing ';' before identifier 'pos'
     1>c:\users\ben\dropbox\train2game\portfolios\project 3\assignment 01 – 3d graphics for computer games\project files\3dvfx\3dvfx\vertex.h(111): error C4430: missing type specifier - int assumed. Note: C++ does not support default-int
     1>c:\users\ben\dropbox\train2game\portfolios\project 3\assignment 01 – 3d graphics for computer games\project files\3dvfx\3dvfx\vertex.h(112): error C2146: syntax error : missing ';' before identifier 'normal'
     1>c:\users\ben\dropbox\train2game\portfolios\project 3\assignment 01 – 3d graphics for computer games\project files\3dvfx\3dvfx\vertex.h(112): error C4430: missing type specifier - int assumed. Note: C++ does not support default-int
     1>c:\users\ben\dropbox\train2game\portfolios\project 3\assignment 01 – 3d graphics for computer games\project files\3dvfx\3dvfx\vertex.h(113): error C2146: syntax error : missing ';' before identifier 'textureCoord'
     1>c:\users\ben\dropbox\train2game\portfolios\project 3\assignment 01 – 3d graphics for computer games\project files\3dvfx\3dvfx\vertex.h(113): error C4430: missing type specifier - int assumed. Note: C++ does not support default-int
     1>c:\users\ben\dropbox\train2game\portfolios\project 3\assignment 01 – 3d graphics for computer games\project files\3dvfx\3dvfx\vertex.h(115): error C2143: syntax error : missing ';' before '*'
     1>c:\users\ben\dropbox\train2game\portfolios\project 3\assignment 01 – 3d graphics for computer games\project files\3dvfx\3dvfx\vertex.h(115): error C4430: missing type specifier - int assumed. Note: C++ does not support default-int
     1>c:\users\ben\dropbox\train2game\portfolios\project 3\assignment 01 – 3d graphics for computer games\project files\3dvfx\3dvfx\vertex.h(104): error C2614: 'VertexPositionNormalTexCoord' : illegal member initialization: 'pos' is not a base or member
     1>c:\users\ben\dropbox\train2game\portfolios\project 3\assignment 01 – 3d graphics for computer games\project files\3dvfx\3dvfx\vertex.h(104): error C2614: 'VertexPositionNormalTexCoord' : illegal member initialization: 'normal' is not a base or member
     1>c:\users\ben\dropbox\train2game\portfolios\project 3\assignment 01 – 3d graphics for computer games\project files\3dvfx\3dvfx\vertex.h(104): error C2614: 'VertexPositionNormalTexCoord' : illegal member initialization: 'textureCoord' is not a base or member
     1>c:\users\ben\dropbox\train2game\portfolios\project 3\assignment 01 – 3d graphics for computer games\project files\3dvfx\3dvfx\vertex.h(106): error C2614: 'VertexPositionNormalTexCoord' : illegal member initialization: 'pos' is not a base or member
     1>c:\users\ben\dropbox\train2game\portfolios\project 3\assignment 01 – 3d graphics for computer games\project files\3dvfx\3dvfx\vertex.h(106): error C2614: 'VertexPositionNormalTexCoord' : illegal member initialization: 'normal' is not a base or member
     1>c:\users\ben\dropbox\train2game\portfolios\project 3\assignment 01 – 3d graphics for computer games\project files\3dvfx\3dvfx\vertex.h(106): error C2614: 'VertexPositionNormalTexCoord' : illegal member initialization: 'textureCoord' is not a base or member
     1>c:\users\ben\dropbox\train2game\portfolios\project 3\assignment 01 – 3d graphics for computer games\project files\3dvfx\3dvfx\vertex.h(108): error C2065: 'position' : undeclared identifier
     1>c:\users\ben\dropbox\train2game\portfolios\project 3\assignment 01 – 3d graphics for computer games\project files\3dvfx\3dvfx\vertex.h(108): error C2065: 'norm' : undeclared identifier
     1>c:\users\ben\dropbox\train2game\portfolios\project 3\assignment 01 – 3d graphics for computer games\project files\3dvfx\3dvfx\vertex.h(108): error C2065: 'UV' : undeclared identifier
     1>c:\users\ben\dropbox\train2game\portfolios\project 3\assignment 01 – 3d graphics for computer games\project files\3dvfx\3dvfx\vertex.h(108): error C2614: 'VertexPositionNormalTexCoord' : illegal member initialization: 'pos' is not a base or member
     1>c:\users\ben\dropbox\train2game\portfolios\project 3\assignment 01 – 3d graphics for computer games\project files\3dvfx\3dvfx\vertex.h(108): error C2614: 'VertexPositionNormalTexCoord' : illegal member initialization: 'normal' is not a base or member
     1>c:\users\ben\dropbox\train2game\portfolios\project 3\assignment 01 – 3d graphics for computer games\project files\3dvfx\3dvfx\vertex.h(108): error C2614: 'VertexPositionNormalTexCoord' : illegal member initialization: 'textureCoord' is not a base or member
     1>c:\users\ben\dropbox\train2game\portfolios\project 3\assignment 01 – 3d graphics for computer games\project files\3dvfx\3dvfx\vertex.h(123): error C4430: missing type specifier - int assumed. Note: C++ does not support default-int
     1>c:\users\ben\dropbox\train2game\portfolios\project 3\assignment 01 – 3d graphics for computer games\project files\3dvfx\3dvfx\vertex.h(123): error C2143: syntax error : missing ',' before '&'
     1>c:\users\ben\dropbox\train2game\portfolios\project 3\assignment 01 – 3d graphics for computer games\project files\3dvfx\3dvfx\vertex.h(127): error C2146: syntax error : missing ';' before identifier 'pos'
     1>c:\users\ben\dropbox\train2game\portfolios\project 3\assignment 01 – 3d graphics for computer games\project files\3dvfx\3dvfx\vertex.h(127): error C4430: missing type specifier - int assumed. Note: C++ does not support default-int
     1>c:\users\ben\dropbox\train2game\portfolios\project 3\assignment 01 – 3d graphics for computer games\project files\3dvfx\3dvfx\vertex.h(128): error C2146: syntax error : missing ';' before identifier 'quadPosition'
     1>c:\users\ben\dropbox\train2game\portfolios\project 3\assignment 01 – 3d graphics for computer games\project files\3dvfx\3dvfx\vertex.h(128): error C4430: missing type specifier - int assumed. Note: C++ does not support default-int
     1>c:\users\ben\dropbox\train2game\portfolios\project 3\assignment 01 – 3d graphics for computer games\project files\3dvfx\3dvfx\vertex.h(129): error C2146: syntax error : missing ';' before identifier 'TexCoord'
     1>c:\users\ben\dropbox\train2game\portfolios\project 3\assignment 01 – 3d graphics for computer games\project files\3dvfx\3dvfx\vertex.h(129): error C4430: missing type specifier - int assumed. Note: C++ does not support default-int
     1>c:\users\ben\dropbox\train2game\portfolios\project 3\assignment 01 – 3d graphics for computer games\project files\3dvfx\3dvfx\vertex.h(131): error C2143: syntax error : missing ';' before '*'
     1>c:\users\ben\dropbox\train2game\portfolios\project 3\assignment 01 – 3d graphics for computer games\project files\3dvfx\3dvfx\vertex.h(131): error C4430: missing type specifier - int assumed. Note: C++ does not support default-int
     1>c:\users\ben\dropbox\train2game\portfolios\project 3\assignment 01 – 3d graphics for computer games\project files\3dvfx\3dvfx\vertex.h(121): error C2614: 'BillBoardVertex' : illegal member initialization: 'pos' is not a base or member
     1>c:\users\ben\dropbox\train2game\portfolios\project 3\assignment 01 – 3d graphics for computer games\project files\3dvfx\3dvfx\vertex.h(121): error C2614: 'BillBoardVertex' : illegal member initialization: 'TexCoord' is not a base or member
     1>c:\users\ben\dropbox\train2game\portfolios\project 3\assignment 01 – 3d graphics for computer games\project files\3dvfx\3dvfx\vertex.h(123): error C2065: 'v' : undeclared identifier
     1>c:\users\ben\dropbox\train2game\portfolios\project 3\assignment 01 – 3d graphics for computer games\project files\3dvfx\3dvfx\vertex.h(125): error C2065: 'uv' : undeclared identifier
     1>c:\users\ben\dropbox\train2game\portfolios\project 3\assignment 01 – 3d graphics for computer games\project files\3dvfx\3dvfx\vertex.h(125): error C2614: 'BillBoardVertex' : illegal member initialization: 'pos' is not a base or member
     1>c:\users\ben\dropbox\train2game\portfolios\project 3\assignment 01 – 3d graphics for computer games\project files\3dvfx\3dvfx\vertex.h(125): error C2614: 'BillBoardVertex' : illegal member initialization: 'TexCoord' is not a base or member
     1>c:\users\ben\dropbox\train2game\portfolios\project 3\assignment 01 – 3d graphics for computer games\project files\3dvfx\3dvfx\vertex.h(125): error C2614: 'BillBoardVertex' : illegal member initialization: 'quadPosition' is not a base or member
         Character.cpp
         CameraController.cpp
         Camera.cpp
         BillBoardRegion.cpp
         BehaviorManager.cpp
         Generating Code...
         Compiling...
         Behavior.cpp
     1>c:\users\ben\dropbox\train2game\portfolios\project 3\assignment 01 – 3d graphics for computer games\project files\3dvfx\3dvfx\behavior.cpp : fatal error C1041: cannot open program database 'c:\users\ben\dropbox\train2game\portfolios\project 3\assignment 01 – 3d graphics for computer games\project files\3dvfx\3dvfx\debug\vc120.idb'; if multiple CL.EXE write to the same .PDB file, please use /FS
         BaseCamera.cpp
         AStarNodeQueue.cpp
         AStarNode.cpp
         AStar.cpp
         AnimationInstance.cpp
         AABB.cpp
         Generating Code...
     1>cl : Command line warning D9028: minimal rebuild failure, reverting to normal build
         Compiling...
         Main.cpp
     1>c:\users\ben\dropbox\train2game\portfolios\project 3\assignment 01 – 3d graphics for computer games\project files\3dvfx\3dvfx\main.cpp : fatal error C1041: cannot open program database 'c:\users\ben\dropbox\train2game\portfolios\project 3\assignment 01 – 3d graphics for computer games\project files\3dvfx\3dvfx\debug\vc120.idb'; if multiple CL.EXE write to the same .PDB file, please use /FS
         Generating Code...
     1>Done Building Project "C:\Users\Ben\Dropbox\Train2Game\Portfolios\Project 3\Assignment 01 – 3D Graphics for Computer Games\Project Files\3DVFX\3DVFX\3DVFX.vcxproj" (Build target(s)) -- FAILED.

Build FAILED.

Time Elapsed 00:06:15.63
