c:\users\ben\dropbox\train2game\portfolios\project 3\assignment 01 – 3d graphics for computer games\project files\3dvfx\3dvfx\debug\vc120.pdb
c:\users\ben\dropbox\train2game\portfolios\project 3\assignment 01 – 3d graphics for computer games\project files\3dvfx\3dvfx\debug\vc120.idb
c:\users\ben\dropbox\train2game\portfolios\project 3\assignment 01 – 3d graphics for computer games\project files\3dvfx\3dvfx\debug\d3dclass.obj
c:\users\ben\dropbox\train2game\portfolios\project 3\assignment 01 – 3d graphics for computer games\project files\3dvfx\3dvfx\debug\floorclass.obj
c:\users\ben\dropbox\train2game\portfolios\project 3\assignment 01 – 3d graphics for computer games\project files\3dvfx\3dvfx\debug\inputclass.obj
c:\users\ben\dropbox\train2game\portfolios\project 3\assignment 01 – 3d graphics for computer games\project files\3dvfx\3dvfx\debug\main.obj
c:\users\ben\dropbox\train2game\portfolios\project 3\assignment 01 – 3d graphics for computer games\project files\3dvfx\3dvfx\debug\mycameracontroller.obj
c:\users\ben\dropbox\train2game\portfolios\project 3\assignment 01 – 3d graphics for computer games\project files\3dvfx\3dvfx\debug\renderableobject.obj
c:\users\ben\dropbox\train2game\portfolios\project 3\assignment 01 – 3d graphics for computer games\project files\3dvfx\3dvfx\debug\renderclass.obj
c:\users\ben\dropbox\train2game\portfolios\project 3\assignment 01 – 3d graphics for computer games\project files\3dvfx\3dvfx\debug\sphereclass.obj
c:\users\ben\dropbox\train2game\portfolios\project 3\assignment 01 – 3d graphics for computer games\project files\3dvfx\3dvfx\debug\systemclass.obj
c:\users\ben\dropbox\train2game\portfolios\project 3\assignment 01 – 3d graphics for computer games\project files\3dvfx\3dvfx\debug\timer.obj
c:\users\ben\dropbox\train2game\portfolios\project 3\assignment 01 – 3d graphics for computer games\project files\3dvfx\debug\3dvfx.ilk
c:\users\ben\dropbox\train2game\portfolios\project 3\assignment 01 – 3d graphics for computer games\project files\3dvfx\debug\3dvfx.exe
c:\users\ben\dropbox\train2game\portfolios\project 3\assignment 01 – 3d graphics for computer games\project files\3dvfx\debug\3dvfx.pdb
c:\users\ben\dropbox\train2game\portfolios\project 3\assignment 01 – 3d graphics for computer games\project files\3dvfx\3dvfx\debug\3dvfx.tlog\cl.command.1.tlog
c:\users\ben\dropbox\train2game\portfolios\project 3\assignment 01 – 3d graphics for computer games\project files\3dvfx\3dvfx\debug\3dvfx.tlog\cl.read.1.tlog
c:\users\ben\dropbox\train2game\portfolios\project 3\assignment 01 – 3d graphics for computer games\project files\3dvfx\3dvfx\debug\3dvfx.tlog\cl.write.1.tlog
c:\users\ben\dropbox\train2game\portfolios\project 3\assignment 01 – 3d graphics for computer games\project files\3dvfx\3dvfx\debug\3dvfx.tlog\link.command.1.tlog
c:\users\ben\dropbox\train2game\portfolios\project 3\assignment 01 – 3d graphics for computer games\project files\3dvfx\3dvfx\debug\3dvfx.tlog\link.read.1.tlog
c:\users\ben\dropbox\train2game\portfolios\project 3\assignment 01 – 3d graphics for computer games\project files\3dvfx\3dvfx\debug\3dvfx.tlog\link.write.1.tlog
